<?xml version="1.0" encoding="UTF-8"?>
<alr:test-suite xmlns:alr="urn:model.allure.qatools.yandex.ru" start="1556668719602" stop="1556668719613" version="1.4.0">
  <name>Magento\Customer\Test\Unit\Controller\Account\CreatePostTest</name>
  <test-cases>
    <test-case start="1556668719603" stop="1556668719603" status="canceled">
      <name>testCreatePostActionRegistrationDisabled</name>
      <failure>
        <message>Cannot be unit tested with the auto generated builder dependencies</message>
        <stack-trace>#0 /var/www/html/magento23demo/vendor/magento/module-customer/Test/Unit/Controller/Account/CreatePostTest.php(141): PHPUnit\Framework\Assert::markTestSkipped('Cannot be unit ...')
#1 /var/www/html/magento23demo/vendor/phpunit/phpunit/src/Framework/TestCase.php(935): Magento\Customer\Test\Unit\Controller\Account\CreatePostTest-&gt;setUp()
#2 /var/www/html/magento23demo/vendor/phpunit/phpunit/src/Framework/TestResult.php(698): PHPUnit\Framework\TestCase-&gt;runBare()
#3 /var/www/html/magento23demo/vendor/phpunit/phpunit/src/Framework/TestCase.php(894): PHPUnit\Framework\TestResult-&gt;run(Object(Magento\Customer\Test\Unit\Controller\Account\CreatePostTest))
#4 /var/www/html/magento23demo/vendor/phpunit/phpunit/src/Framework/TestSuite.php(755): PHPUnit\Framework\TestCase-&gt;run(Object(PHPUnit\Framework\TestResult))
#5 /var/www/html/magento23demo/vendor/phpunit/phpunit/src/Framework/TestSuite.php(755): PHPUnit\Framework\TestSuite-&gt;run(Object(PHPUnit\Framework\TestResult))
#6 /var/www/html/magento23demo/vendor/phpunit/phpunit/src/Framework/TestSuite.php(755): PHPUnit\Framework\TestSuite-&gt;run(Object(PHPUnit\Framework\TestResult))
#7 /var/www/html/magento23demo/vendor/phpunit/phpunit/src/TextUI/TestRunner.php(545): PHPUnit\Framework\TestSuite-&gt;run(Object(PHPUnit\Framework\TestResult))
#8 /var/www/html/magento23demo/vendor/phpunit/phpunit/src/TextUI/Command.php(195): PHPUnit\TextUI\TestRunner-&gt;doRun(Object(PHPUnit\Framework\TestSuite), Array, true)
#9 /var/www/html/magento23demo/vendor/phpunit/phpunit/src/TextUI/Command.php(148): PHPUnit\TextUI\Command-&gt;run(Array, true)
#10 /var/www/html/magento23demo/vendor/phpunit/phpunit/phpunit(53): PHPUnit\TextUI\Command::main()
#11 {main}</stack-trace>
      </failure>
    </test-case>
    <test-case start="1556668719603" stop="1556668719604" status="canceled">
      <name>testRegenerateIdOnExecution</name>
      <failure>
        <message>Cannot be unit tested with the auto generated builder dependencies</message>
        <stack-trace>#0 /var/www/html/magento23demo/vendor/magento/module-customer/Test/Unit/Controller/Account/CreatePostTest.php(141): PHPUnit\Framework\Assert::markTestSkipped('Cannot be unit ...')
#1 /var/www/html/magento23demo/vendor/phpunit/phpunit/src/Framework/TestCase.php(935): Magento\Customer\Test\Unit\Controller\Account\CreatePostTest-&gt;setUp()
#2 /var/www/html/magento23demo/vendor/phpunit/phpunit/src/Framework/TestResult.php(698): PHPUnit\Framework\TestCase-&gt;runBare()
#3 /var/www/html/magento23demo/vendor/phpunit/phpunit/src/Framework/TestCase.php(894): PHPUnit\Framework\TestResult-&gt;run(Object(Magento\Customer\Test\Unit\Controller\Account\CreatePostTest))
#4 /var/www/html/magento23demo/vendor/phpunit/phpunit/src/Framework/TestSuite.php(755): PHPUnit\Framework\TestCase-&gt;run(Object(PHPUnit\Framework\TestResult))
#5 /var/www/html/magento23demo/vendor/phpunit/phpunit/src/Framework/TestSuite.php(755): PHPUnit\Framework\TestSuite-&gt;run(Object(PHPUnit\Framework\TestResult))
#6 /var/www/html/magento23demo/vendor/phpunit/phpunit/src/Framework/TestSuite.php(755): PHPUnit\Framework\TestSuite-&gt;run(Object(PHPUnit\Framework\TestResult))
#7 /var/www/html/magento23demo/vendor/phpunit/phpunit/src/TextUI/TestRunner.php(545): PHPUnit\Framework\TestSuite-&gt;run(Object(PHPUnit\Framework\TestResult))
#8 /var/www/html/magento23demo/vendor/phpunit/phpunit/src/TextUI/Command.php(195): PHPUnit\TextUI\TestRunner-&gt;doRun(Object(PHPUnit\Framework\TestSuite), Array, true)
#9 /var/www/html/magento23demo/vendor/phpunit/phpunit/src/TextUI/Command.php(148): PHPUnit\TextUI\Command-&gt;run(Array, true)
#10 /var/www/html/magento23demo/vendor/phpunit/phpunit/phpunit(53): PHPUnit\TextUI\Command::main()
#11 {main}</stack-trace>
      </failure>
    </test-case>
    <test-case start="1556668719605" stop="1556668719605" status="canceled">
      <name>testSuccessMessage with data set #0</name>
      <failure>
        <message>Cannot be unit tested with the auto generated builder dependencies</message>
        <stack-trace>#0 /var/www/html/magento23demo/vendor/magento/module-customer/Test/Unit/Controller/Account/CreatePostTest.php(141): PHPUnit\Framework\Assert::markTestSkipped('Cannot be unit ...')
#1 /var/www/html/magento23demo/vendor/phpunit/phpunit/src/Framework/TestCase.php(935): Magento\Customer\Test\Unit\Controller\Account\CreatePostTest-&gt;setUp()
#2 /var/www/html/magento23demo/vendor/phpunit/phpunit/src/Framework/TestResult.php(698): PHPUnit\Framework\TestCase-&gt;runBare()
#3 /var/www/html/magento23demo/vendor/phpunit/phpunit/src/Framework/TestCase.php(894): PHPUnit\Framework\TestResult-&gt;run(Object(Magento\Customer\Test\Unit\Controller\Account\CreatePostTest))
#4 /var/www/html/magento23demo/vendor/phpunit/phpunit/src/Framework/TestSuite.php(755): PHPUnit\Framework\TestCase-&gt;run(Object(PHPUnit\Framework\TestResult))
#5 /var/www/html/magento23demo/vendor/phpunit/phpunit/src/Framework/TestSuite.php(755): PHPUnit\Framework\TestSuite-&gt;run(Object(PHPUnit\Framework\TestResult))
#6 /var/www/html/magento23demo/vendor/phpunit/phpunit/src/Framework/TestSuite.php(755): PHPUnit\Framework\TestSuite-&gt;run(Object(PHPUnit\Framework\TestResult))
#7 /var/www/html/magento23demo/vendor/phpunit/phpunit/src/Framework/TestSuite.php(755): PHPUnit\Framework\TestSuite-&gt;run(Object(PHPUnit\Framework\TestResult))
#8 /var/www/html/magento23demo/vendor/phpunit/phpunit/src/TextUI/TestRunner.php(545): PHPUnit\Framework\TestSuite-&gt;run(Object(PHPUnit\Framework\TestResult))
#9 /var/www/html/magento23demo/vendor/phpunit/phpunit/src/TextUI/Command.php(195): PHPUnit\TextUI\TestRunner-&gt;doRun(Object(PHPUnit\Framework\TestSuite), Array, true)
#10 /var/www/html/magento23demo/vendor/phpunit/phpunit/src/TextUI/Command.php(148): PHPUnit\TextUI\Command-&gt;run(Array, true)
#11 /var/www/html/magento23demo/vendor/phpunit/phpunit/phpunit(53): PHPUnit\TextUI\Command::main()
#12 {main}</stack-trace>
      </failure>
    </test-case>
    <test-case start="1556668719607" stop="1556668719607" status="canceled">
      <name>testSuccessMessage with data set #1</name>
      <failure>
        <message>Cannot be unit tested with the auto generated builder dependencies</message>
        <stack-trace>#0 /var/www/html/magento23demo/vendor/magento/module-customer/Test/Unit/Controller/Account/CreatePostTest.php(141): PHPUnit\Framework\Assert::markTestSkipped('Cannot be unit ...')
#1 /var/www/html/magento23demo/vendor/phpunit/phpunit/src/Framework/TestCase.php(935): Magento\Customer\Test\Unit\Controller\Account\CreatePostTest-&gt;setUp()
#2 /var/www/html/magento23demo/vendor/phpunit/phpunit/src/Framework/TestResult.php(698): PHPUnit\Framework\TestCase-&gt;runBare()
#3 /var/www/html/magento23demo/vendor/phpunit/phpunit/src/Framework/TestCase.php(894): PHPUnit\Framework\TestResult-&gt;run(Object(Magento\Customer\Test\Unit\Controller\Account\CreatePostTest))
#4 /var/www/html/magento23demo/vendor/phpunit/phpunit/src/Framework/TestSuite.php(755): PHPUnit\Framework\TestCase-&gt;run(Object(PHPUnit\Framework\TestResult))
#5 /var/www/html/magento23demo/vendor/phpunit/phpunit/src/Framework/TestSuite.php(755): PHPUnit\Framework\TestSuite-&gt;run(Object(PHPUnit\Framework\TestResult))
#6 /var/www/html/magento23demo/vendor/phpunit/phpunit/src/Framework/TestSuite.php(755): PHPUnit\Framework\TestSuite-&gt;run(Object(PHPUnit\Framework\TestResult))
#7 /var/www/html/magento23demo/vendor/phpunit/phpunit/src/Framework/TestSuite.php(755): PHPUnit\Framework\TestSuite-&gt;run(Object(PHPUnit\Framework\TestResult))
#8 /var/www/html/magento23demo/vendor/phpunit/phpunit/src/TextUI/TestRunner.php(545): PHPUnit\Framework\TestSuite-&gt;run(Object(PHPUnit\Framework\TestResult))
#9 /var/www/html/magento23demo/vendor/phpunit/phpunit/src/TextUI/Command.php(195): PHPUnit\TextUI\TestRunner-&gt;doRun(Object(PHPUnit\Framework\TestSuite), Array, true)
#10 /var/www/html/magento23demo/vendor/phpunit/phpunit/src/TextUI/Command.php(148): PHPUnit\TextUI\Command-&gt;run(Array, true)
#11 /var/www/html/magento23demo/vendor/phpunit/phpunit/phpunit(53): PHPUnit\TextUI\Command::main()
#12 {main}</stack-trace>
      </failure>
    </test-case>
    <test-case start="1556668719609" stop="1556668719609" status="canceled">
      <name>testSuccessMessage with data set #2</name>
      <failure>
        <message>Cannot be unit tested with the auto generated builder dependencies</message>
        <stack-trace>#0 /var/www/html/magento23demo/vendor/magento/module-customer/Test/Unit/Controller/Account/CreatePostTest.php(141): PHPUnit\Framework\Assert::markTestSkipped('Cannot be unit ...')
#1 /var/www/html/magento23demo/vendor/phpunit/phpunit/src/Framework/TestCase.php(935): Magento\Customer\Test\Unit\Controller\Account\CreatePostTest-&gt;setUp()
#2 /var/www/html/magento23demo/vendor/phpunit/phpunit/src/Framework/TestResult.php(698): PHPUnit\Framework\TestCase-&gt;runBare()
#3 /var/www/html/magento23demo/vendor/phpunit/phpunit/src/Framework/TestCase.php(894): PHPUnit\Framework\TestResult-&gt;run(Object(Magento\Customer\Test\Unit\Controller\Account\CreatePostTest))
#4 /var/www/html/magento23demo/vendor/phpunit/phpunit/src/Framework/TestSuite.php(755): PHPUnit\Framework\TestCase-&gt;run(Object(PHPUnit\Framework\TestResult))
#5 /var/www/html/magento23demo/vendor/phpunit/phpunit/src/Framework/TestSuite.php(755): PHPUnit\Framework\TestSuite-&gt;run(Object(PHPUnit\Framework\TestResult))
#6 /var/www/html/magento23demo/vendor/phpunit/phpunit/src/Framework/TestSuite.php(755): PHPUnit\Framework\TestSuite-&gt;run(Object(PHPUnit\Framework\TestResult))
#7 /var/www/html/magento23demo/vendor/phpunit/phpunit/src/Framework/TestSuite.php(755): PHPUnit\Framework\TestSuite-&gt;run(Object(PHPUnit\Framework\TestResult))
#8 /var/www/html/magento23demo/vendor/phpunit/phpunit/src/TextUI/TestRunner.php(545): PHPUnit\Framework\TestSuite-&gt;run(Object(PHPUnit\Framework\TestResult))
#9 /var/www/html/magento23demo/vendor/phpunit/phpunit/src/TextUI/Command.php(195): PHPUnit\TextUI\TestRunner-&gt;doRun(Object(PHPUnit\Framework\TestSuite), Array, true)
#10 /var/www/html/magento23demo/vendor/phpunit/phpunit/src/TextUI/Command.php(148): PHPUnit\TextUI\Command-&gt;run(Array, true)
#11 /var/www/html/magento23demo/vendor/phpunit/phpunit/phpunit(53): PHPUnit\TextUI\Command::main()
#12 {main}</stack-trace>
      </failure>
    </test-case>
    <test-case start="1556668719610" stop="1556668719610" status="canceled">
      <name>testSuccessMessage with data set #3</name>
      <failure>
        <message>Cannot be unit tested with the auto generated builder dependencies</message>
        <stack-trace>#0 /var/www/html/magento23demo/vendor/magento/module-customer/Test/Unit/Controller/Account/CreatePostTest.php(141): PHPUnit\Framework\Assert::markTestSkipped('Cannot be unit ...')
#1 /var/www/html/magento23demo/vendor/phpunit/phpunit/src/Framework/TestCase.php(935): Magento\Customer\Test\Unit\Controller\Account\CreatePostTest-&gt;setUp()
#2 /var/www/html/magento23demo/vendor/phpunit/phpunit/src/Framework/TestResult.php(698): PHPUnit\Framework\TestCase-&gt;runBare()
#3 /var/www/html/magento23demo/vendor/phpunit/phpunit/src/Framework/TestCase.php(894): PHPUnit\Framework\TestResult-&gt;run(Object(Magento\Customer\Test\Unit\Controller\Account\CreatePostTest))
#4 /var/www/html/magento23demo/vendor/phpunit/phpunit/src/Framework/TestSuite.php(755): PHPUnit\Framework\TestCase-&gt;run(Object(PHPUnit\Framework\TestResult))
#5 /var/www/html/magento23demo/vendor/phpunit/phpunit/src/Framework/TestSuite.php(755): PHPUnit\Framework\TestSuite-&gt;run(Object(PHPUnit\Framework\TestResult))
#6 /var/www/html/magento23demo/vendor/phpunit/phpunit/src/Framework/TestSuite.php(755): PHPUnit\Framework\TestSuite-&gt;run(Object(PHPUnit\Framework\TestResult))
#7 /var/www/html/magento23demo/vendor/phpunit/phpunit/src/Framework/TestSuite.php(755): PHPUnit\Framework\TestSuite-&gt;run(Object(PHPUnit\Framework\TestResult))
#8 /var/www/html/magento23demo/vendor/phpunit/phpunit/src/TextUI/TestRunner.php(545): PHPUnit\Framework\TestSuite-&gt;run(Object(PHPUnit\Framework\TestResult))
#9 /var/www/html/magento23demo/vendor/phpunit/phpunit/src/TextUI/Command.php(195): PHPUnit\TextUI\TestRunner-&gt;doRun(Object(PHPUnit\Framework\TestSuite), Array, true)
#10 /var/www/html/magento23demo/vendor/phpunit/phpunit/src/TextUI/Command.php(148): PHPUnit\TextUI\Command-&gt;run(Array, true)
#11 /var/www/html/magento23demo/vendor/phpunit/phpunit/phpunit(53): PHPUnit\TextUI\Command::main()
#12 {main}</stack-trace>
      </failure>
    </test-case>
    <test-case start="1556668719612" stop="1556668719612" status="canceled">
      <name>testSuccessRedirect with data set #0</name>
      <failure>
        <message>Cannot be unit tested with the auto generated builder dependencies</message>
        <stack-trace>#0 /var/www/html/magento23demo/vendor/magento/module-customer/Test/Unit/Controller/Account/CreatePostTest.php(141): PHPUnit\Framework\Assert::markTestSkipped('Cannot be unit ...')
#1 /var/www/html/magento23demo/vendor/phpunit/phpunit/src/Framework/TestCase.php(935): Magento\Customer\Test\Unit\Controller\Account\CreatePostTest-&gt;setUp()
#2 /var/www/html/magento23demo/vendor/phpunit/phpunit/src/Framework/TestResult.php(698): PHPUnit\Framework\TestCase-&gt;runBare()
#3 /var/www/html/magento23demo/vendor/phpunit/phpunit/src/Framework/TestCase.php(894): PHPUnit\Framework\TestResult-&gt;run(Object(Magento\Customer\Test\Unit\Controller\Account\CreatePostTest))
#4 /var/www/html/magento23demo/vendor/phpunit/phpunit/src/Framework/TestSuite.php(755): PHPUnit\Framework\TestCase-&gt;run(Object(PHPUnit\Framework\TestResult))
#5 /var/www/html/magento23demo/vendor/phpunit/phpunit/src/Framework/TestSuite.php(755): PHPUnit\Framework\TestSuite-&gt;run(Object(PHPUnit\Framework\TestResult))
#6 /var/www/html/magento23demo/vendor/phpunit/phpunit/src/Framework/TestSuite.php(755): PHPUnit\Framework\TestSuite-&gt;run(Object(PHPUnit\Framework\TestResult))
#7 /var/www/html/magento23demo/vendor/phpunit/phpunit/src/Framework/TestSuite.php(755): PHPUnit\Framework\TestSuite-&gt;run(Object(PHPUnit\Framework\TestResult))
#8 /var/www/html/magento23demo/vendor/phpunit/phpunit/src/TextUI/TestRunner.php(545): PHPUnit\Framework\TestSuite-&gt;run(Object(PHPUnit\Framework\TestResult))
#9 /var/www/html/magento23demo/vendor/phpunit/phpunit/src/TextUI/Command.php(195): PHPUnit\TextUI\TestRunner-&gt;doRun(Object(PHPUnit\Framework\TestSuite), Array, true)
#10 /var/www/html/magento23demo/vendor/phpunit/phpunit/src/TextUI/Command.php(148): PHPUnit\TextUI\Command-&gt;run(Array, true)
#11 /var/www/html/magento23demo/vendor/phpunit/phpunit/phpunit(53): PHPUnit\TextUI\Command::main()
#12 {main}</stack-trace>
      </failure>
    </test-case>
    <test-case start="1556668719613" stop="1556668719613" status="canceled">
      <name>testSuccessRedirect with data set #1</name>
      <failure>
        <message>Cannot be unit tested with the auto generated builder dependencies</message>
        <stack-trace>#0 /var/www/html/magento23demo/vendor/magento/module-customer/Test/Unit/Controller/Account/CreatePostTest.php(141): PHPUnit\Framework\Assert::markTestSkipped('Cannot be unit ...')
#1 /var/www/html/magento23demo/vendor/phpunit/phpunit/src/Framework/TestCase.php(935): Magento\Customer\Test\Unit\Controller\Account\CreatePostTest-&gt;setUp()
#2 /var/www/html/magento23demo/vendor/phpunit/phpunit/src/Framework/TestResult.php(698): PHPUnit\Framework\TestCase-&gt;runBare()
#3 /var/www/html/magento23demo/vendor/phpunit/phpunit/src/Framework/TestCase.php(894): PHPUnit\Framework\TestResult-&gt;run(Object(Magento\Customer\Test\Unit\Controller\Account\CreatePostTest))
#4 /var/www/html/magento23demo/vendor/phpunit/phpunit/src/Framework/TestSuite.php(755): PHPUnit\Framework\TestCase-&gt;run(Object(PHPUnit\Framework\TestResult))
#5 /var/www/html/magento23demo/vendor/phpunit/phpunit/src/Framework/TestSuite.php(755): PHPUnit\Framework\TestSuite-&gt;run(Object(PHPUnit\Framework\TestResult))
#6 /var/www/html/magento23demo/vendor/phpunit/phpunit/src/Framework/TestSuite.php(755): PHPUnit\Framework\TestSuite-&gt;run(Object(PHPUnit\Framework\TestResult))
#7 /var/www/html/magento23demo/vendor/phpunit/phpunit/src/Framework/TestSuite.php(755): PHPUnit\Framework\TestSuite-&gt;run(Object(PHPUnit\Framework\TestResult))
#8 /var/www/html/magento23demo/vendor/phpunit/phpunit/src/TextUI/TestRunner.php(545): PHPUnit\Framework\TestSuite-&gt;run(Object(PHPUnit\Framework\TestResult))
#9 /var/www/html/magento23demo/vendor/phpunit/phpunit/src/TextUI/Command.php(195): PHPUnit\TextUI\TestRunner-&gt;doRun(Object(PHPUnit\Framework\TestSuite), Array, true)
#10 /var/www/html/magento23demo/vendor/phpunit/phpunit/src/TextUI/Command.php(148): PHPUnit\TextUI\Command-&gt;run(Array, true)
#11 /var/www/html/magento23demo/vendor/phpunit/phpunit/phpunit(53): PHPUnit\TextUI\Command::main()
#12 {main}</stack-trace>
      </failure>
    </test-case>
  </test-cases>
</alr:test-suite>
