<?xml version="1.0" encoding="UTF-8"?>
<alr:test-suite xmlns:alr="urn:model.allure.qatools.yandex.ru" start="1556668743857" stop="1556668743860" version="1.4.0">
  <name>Magento\ImportExport\Test\Unit\Model\Import\AdapterTest</name>
  <test-cases>
    <test-case start="1556668743858" stop="1556668743859" status="canceled">
      <name>testFactory</name>
      <failure>
        <message>Skipped because factory method has static modifier</message>
        <stack-trace>#0 /var/www/html/magento23demo/vendor/magento/module-import-export/Test/Unit/Model/Import/AdapterTest.php(24): PHPUnit\Framework\Assert::markTestSkipped('Skipped because...')
#1 [internal function]: Magento\ImportExport\Test\Unit\Model\Import\AdapterTest-&gt;testFactory()
#2 /var/www/html/magento23demo/vendor/phpunit/phpunit/src/Framework/TestCase.php(1071): ReflectionMethod-&gt;invokeArgs(Object(Magento\ImportExport\Test\Unit\Model\Import\AdapterTest), Array)
#3 /var/www/html/magento23demo/vendor/phpunit/phpunit/src/Framework/TestCase.php(939): PHPUnit\Framework\TestCase-&gt;runTest()
#4 /var/www/html/magento23demo/vendor/phpunit/phpunit/src/Framework/TestResult.php(698): PHPUnit\Framework\TestCase-&gt;runBare()
#5 /var/www/html/magento23demo/vendor/phpunit/phpunit/src/Framework/TestCase.php(894): PHPUnit\Framework\TestResult-&gt;run(Object(Magento\ImportExport\Test\Unit\Model\Import\AdapterTest))
#6 /var/www/html/magento23demo/vendor/phpunit/phpunit/src/Framework/TestSuite.php(755): PHPUnit\Framework\TestCase-&gt;run(Object(PHPUnit\Framework\TestResult))
#7 /var/www/html/magento23demo/vendor/phpunit/phpunit/src/Framework/TestSuite.php(755): PHPUnit\Framework\TestSuite-&gt;run(Object(PHPUnit\Framework\TestResult))
#8 /var/www/html/magento23demo/vendor/phpunit/phpunit/src/Framework/TestSuite.php(755): PHPUnit\Framework\TestSuite-&gt;run(Object(PHPUnit\Framework\TestResult))
#9 /var/www/html/magento23demo/vendor/phpunit/phpunit/src/TextUI/TestRunner.php(545): PHPUnit\Framework\TestSuite-&gt;run(Object(PHPUnit\Framework\TestResult))
#10 /var/www/html/magento23demo/vendor/phpunit/phpunit/src/TextUI/Command.php(195): PHPUnit\TextUI\TestRunner-&gt;doRun(Object(PHPUnit\Framework\TestSuite), Array, true)
#11 /var/www/html/magento23demo/vendor/phpunit/phpunit/src/TextUI/Command.php(148): PHPUnit\TextUI\Command-&gt;run(Array, true)
#12 /var/www/html/magento23demo/vendor/phpunit/phpunit/phpunit(53): PHPUnit\TextUI\Command::main()
#13 {main}</stack-trace>
      </failure>
    </test-case>
    <test-case start="1556668743859" stop="1556668743860" status="canceled">
      <name>testFindAdapterFor</name>
      <failure>
        <message>Skipped because findAdapterFor method has static modifier</message>
        <stack-trace>#0 /var/www/html/magento23demo/vendor/magento/module-import-export/Test/Unit/Model/Import/AdapterTest.php(29): PHPUnit\Framework\Assert::markTestSkipped('Skipped because...')
#1 [internal function]: Magento\ImportExport\Test\Unit\Model\Import\AdapterTest-&gt;testFindAdapterFor()
#2 /var/www/html/magento23demo/vendor/phpunit/phpunit/src/Framework/TestCase.php(1071): ReflectionMethod-&gt;invokeArgs(Object(Magento\ImportExport\Test\Unit\Model\Import\AdapterTest), Array)
#3 /var/www/html/magento23demo/vendor/phpunit/phpunit/src/Framework/TestCase.php(939): PHPUnit\Framework\TestCase-&gt;runTest()
#4 /var/www/html/magento23demo/vendor/phpunit/phpunit/src/Framework/TestResult.php(698): PHPUnit\Framework\TestCase-&gt;runBare()
#5 /var/www/html/magento23demo/vendor/phpunit/phpunit/src/Framework/TestCase.php(894): PHPUnit\Framework\TestResult-&gt;run(Object(Magento\ImportExport\Test\Unit\Model\Import\AdapterTest))
#6 /var/www/html/magento23demo/vendor/phpunit/phpunit/src/Framework/TestSuite.php(755): PHPUnit\Framework\TestCase-&gt;run(Object(PHPUnit\Framework\TestResult))
#7 /var/www/html/magento23demo/vendor/phpunit/phpunit/src/Framework/TestSuite.php(755): PHPUnit\Framework\TestSuite-&gt;run(Object(PHPUnit\Framework\TestResult))
#8 /var/www/html/magento23demo/vendor/phpunit/phpunit/src/Framework/TestSuite.php(755): PHPUnit\Framework\TestSuite-&gt;run(Object(PHPUnit\Framework\TestResult))
#9 /var/www/html/magento23demo/vendor/phpunit/phpunit/src/TextUI/TestRunner.php(545): PHPUnit\Framework\TestSuite-&gt;run(Object(PHPUnit\Framework\TestResult))
#10 /var/www/html/magento23demo/vendor/phpunit/phpunit/src/TextUI/Command.php(195): PHPUnit\TextUI\TestRunner-&gt;doRun(Object(PHPUnit\Framework\TestSuite), Array, true)
#11 /var/www/html/magento23demo/vendor/phpunit/phpunit/src/TextUI/Command.php(148): PHPUnit\TextUI\Command-&gt;run(Array, true)
#12 /var/www/html/magento23demo/vendor/phpunit/phpunit/phpunit(53): PHPUnit\TextUI\Command::main()
#13 {main}</stack-trace>
      </failure>
    </test-case>
  </test-cases>
</alr:test-suite>
