<?xml version="1.0" encoding="UTF-8"?>
<alr:test-suite xmlns:alr="urn:model.allure.qatools.yandex.ru" start="1556668796597" stop="1556668796608" version="1.4.0">
  <name>Magento\Review\Test\Unit\Model\ResourceModel\Review\Product\CollectionTest</name>
  <test-cases>
    <test-case start="1556668796598" stop="1556668796598" status="canceled">
      <name>testAddAttributeToFilter with data set #0</name>
      <failure>
        <message>MAGETWO-59234: Code under the test depends on a virtual type which cannot be mocked.</message>
        <stack-trace>#0 /var/www/html/magento23demo/vendor/magento/module-review/Test/Unit/Model/ResourceModel/Review/Product/CollectionTest.php(37): PHPUnit\Framework\Assert::markTestSkipped('MAGETWO-59234: ...')
#1 /var/www/html/magento23demo/vendor/phpunit/phpunit/src/Framework/TestCase.php(935): Magento\Review\Test\Unit\Model\ResourceModel\Review\Product\CollectionTest-&gt;setUp()
#2 /var/www/html/magento23demo/vendor/phpunit/phpunit/src/Framework/TestResult.php(698): PHPUnit\Framework\TestCase-&gt;runBare()
#3 /var/www/html/magento23demo/vendor/phpunit/phpunit/src/Framework/TestCase.php(894): PHPUnit\Framework\TestResult-&gt;run(Object(Magento\Review\Test\Unit\Model\ResourceModel\Review\Product\CollectionTest))
#4 /var/www/html/magento23demo/vendor/phpunit/phpunit/src/Framework/TestSuite.php(755): PHPUnit\Framework\TestCase-&gt;run(Object(PHPUnit\Framework\TestResult))
#5 /var/www/html/magento23demo/vendor/phpunit/phpunit/src/Framework/TestSuite.php(755): PHPUnit\Framework\TestSuite-&gt;run(Object(PHPUnit\Framework\TestResult))
#6 /var/www/html/magento23demo/vendor/phpunit/phpunit/src/Framework/TestSuite.php(755): PHPUnit\Framework\TestSuite-&gt;run(Object(PHPUnit\Framework\TestResult))
#7 /var/www/html/magento23demo/vendor/phpunit/phpunit/src/Framework/TestSuite.php(755): PHPUnit\Framework\TestSuite-&gt;run(Object(PHPUnit\Framework\TestResult))
#8 /var/www/html/magento23demo/vendor/phpunit/phpunit/src/TextUI/TestRunner.php(545): PHPUnit\Framework\TestSuite-&gt;run(Object(PHPUnit\Framework\TestResult))
#9 /var/www/html/magento23demo/vendor/phpunit/phpunit/src/TextUI/Command.php(195): PHPUnit\TextUI\TestRunner-&gt;doRun(Object(PHPUnit\Framework\TestSuite), Array, true)
#10 /var/www/html/magento23demo/vendor/phpunit/phpunit/src/TextUI/Command.php(148): PHPUnit\TextUI\Command-&gt;run(Array, true)
#11 /var/www/html/magento23demo/vendor/phpunit/phpunit/phpunit(53): PHPUnit\TextUI\Command::main()
#12 {main}</stack-trace>
      </failure>
    </test-case>
    <test-case start="1556668796599" stop="1556668796599" status="canceled">
      <name>testAddAttributeToFilter with data set #1</name>
      <failure>
        <message>MAGETWO-59234: Code under the test depends on a virtual type which cannot be mocked.</message>
        <stack-trace>#0 /var/www/html/magento23demo/vendor/magento/module-review/Test/Unit/Model/ResourceModel/Review/Product/CollectionTest.php(37): PHPUnit\Framework\Assert::markTestSkipped('MAGETWO-59234: ...')
#1 /var/www/html/magento23demo/vendor/phpunit/phpunit/src/Framework/TestCase.php(935): Magento\Review\Test\Unit\Model\ResourceModel\Review\Product\CollectionTest-&gt;setUp()
#2 /var/www/html/magento23demo/vendor/phpunit/phpunit/src/Framework/TestResult.php(698): PHPUnit\Framework\TestCase-&gt;runBare()
#3 /var/www/html/magento23demo/vendor/phpunit/phpunit/src/Framework/TestCase.php(894): PHPUnit\Framework\TestResult-&gt;run(Object(Magento\Review\Test\Unit\Model\ResourceModel\Review\Product\CollectionTest))
#4 /var/www/html/magento23demo/vendor/phpunit/phpunit/src/Framework/TestSuite.php(755): PHPUnit\Framework\TestCase-&gt;run(Object(PHPUnit\Framework\TestResult))
#5 /var/www/html/magento23demo/vendor/phpunit/phpunit/src/Framework/TestSuite.php(755): PHPUnit\Framework\TestSuite-&gt;run(Object(PHPUnit\Framework\TestResult))
#6 /var/www/html/magento23demo/vendor/phpunit/phpunit/src/Framework/TestSuite.php(755): PHPUnit\Framework\TestSuite-&gt;run(Object(PHPUnit\Framework\TestResult))
#7 /var/www/html/magento23demo/vendor/phpunit/phpunit/src/Framework/TestSuite.php(755): PHPUnit\Framework\TestSuite-&gt;run(Object(PHPUnit\Framework\TestResult))
#8 /var/www/html/magento23demo/vendor/phpunit/phpunit/src/TextUI/TestRunner.php(545): PHPUnit\Framework\TestSuite-&gt;run(Object(PHPUnit\Framework\TestResult))
#9 /var/www/html/magento23demo/vendor/phpunit/phpunit/src/TextUI/Command.php(195): PHPUnit\TextUI\TestRunner-&gt;doRun(Object(PHPUnit\Framework\TestSuite), Array, true)
#10 /var/www/html/magento23demo/vendor/phpunit/phpunit/src/TextUI/Command.php(148): PHPUnit\TextUI\Command-&gt;run(Array, true)
#11 /var/www/html/magento23demo/vendor/phpunit/phpunit/phpunit(53): PHPUnit\TextUI\Command::main()
#12 {main}</stack-trace>
      </failure>
    </test-case>
    <test-case start="1556668796600" stop="1556668796600" status="canceled">
      <name>testAddAttributeToFilter with data set #2</name>
      <failure>
        <message>MAGETWO-59234: Code under the test depends on a virtual type which cannot be mocked.</message>
        <stack-trace>#0 /var/www/html/magento23demo/vendor/magento/module-review/Test/Unit/Model/ResourceModel/Review/Product/CollectionTest.php(37): PHPUnit\Framework\Assert::markTestSkipped('MAGETWO-59234: ...')
#1 /var/www/html/magento23demo/vendor/phpunit/phpunit/src/Framework/TestCase.php(935): Magento\Review\Test\Unit\Model\ResourceModel\Review\Product\CollectionTest-&gt;setUp()
#2 /var/www/html/magento23demo/vendor/phpunit/phpunit/src/Framework/TestResult.php(698): PHPUnit\Framework\TestCase-&gt;runBare()
#3 /var/www/html/magento23demo/vendor/phpunit/phpunit/src/Framework/TestCase.php(894): PHPUnit\Framework\TestResult-&gt;run(Object(Magento\Review\Test\Unit\Model\ResourceModel\Review\Product\CollectionTest))
#4 /var/www/html/magento23demo/vendor/phpunit/phpunit/src/Framework/TestSuite.php(755): PHPUnit\Framework\TestCase-&gt;run(Object(PHPUnit\Framework\TestResult))
#5 /var/www/html/magento23demo/vendor/phpunit/phpunit/src/Framework/TestSuite.php(755): PHPUnit\Framework\TestSuite-&gt;run(Object(PHPUnit\Framework\TestResult))
#6 /var/www/html/magento23demo/vendor/phpunit/phpunit/src/Framework/TestSuite.php(755): PHPUnit\Framework\TestSuite-&gt;run(Object(PHPUnit\Framework\TestResult))
#7 /var/www/html/magento23demo/vendor/phpunit/phpunit/src/Framework/TestSuite.php(755): PHPUnit\Framework\TestSuite-&gt;run(Object(PHPUnit\Framework\TestResult))
#8 /var/www/html/magento23demo/vendor/phpunit/phpunit/src/TextUI/TestRunner.php(545): PHPUnit\Framework\TestSuite-&gt;run(Object(PHPUnit\Framework\TestResult))
#9 /var/www/html/magento23demo/vendor/phpunit/phpunit/src/TextUI/Command.php(195): PHPUnit\TextUI\TestRunner-&gt;doRun(Object(PHPUnit\Framework\TestSuite), Array, true)
#10 /var/www/html/magento23demo/vendor/phpunit/phpunit/src/TextUI/Command.php(148): PHPUnit\TextUI\Command-&gt;run(Array, true)
#11 /var/www/html/magento23demo/vendor/phpunit/phpunit/phpunit(53): PHPUnit\TextUI\Command::main()
#12 {main}</stack-trace>
      </failure>
    </test-case>
    <test-case start="1556668796601" stop="1556668796601" status="canceled">
      <name>testAddAttributeToFilter with data set #3</name>
      <failure>
        <message>MAGETWO-59234: Code under the test depends on a virtual type which cannot be mocked.</message>
        <stack-trace>#0 /var/www/html/magento23demo/vendor/magento/module-review/Test/Unit/Model/ResourceModel/Review/Product/CollectionTest.php(37): PHPUnit\Framework\Assert::markTestSkipped('MAGETWO-59234: ...')
#1 /var/www/html/magento23demo/vendor/phpunit/phpunit/src/Framework/TestCase.php(935): Magento\Review\Test\Unit\Model\ResourceModel\Review\Product\CollectionTest-&gt;setUp()
#2 /var/www/html/magento23demo/vendor/phpunit/phpunit/src/Framework/TestResult.php(698): PHPUnit\Framework\TestCase-&gt;runBare()
#3 /var/www/html/magento23demo/vendor/phpunit/phpunit/src/Framework/TestCase.php(894): PHPUnit\Framework\TestResult-&gt;run(Object(Magento\Review\Test\Unit\Model\ResourceModel\Review\Product\CollectionTest))
#4 /var/www/html/magento23demo/vendor/phpunit/phpunit/src/Framework/TestSuite.php(755): PHPUnit\Framework\TestCase-&gt;run(Object(PHPUnit\Framework\TestResult))
#5 /var/www/html/magento23demo/vendor/phpunit/phpunit/src/Framework/TestSuite.php(755): PHPUnit\Framework\TestSuite-&gt;run(Object(PHPUnit\Framework\TestResult))
#6 /var/www/html/magento23demo/vendor/phpunit/phpunit/src/Framework/TestSuite.php(755): PHPUnit\Framework\TestSuite-&gt;run(Object(PHPUnit\Framework\TestResult))
#7 /var/www/html/magento23demo/vendor/phpunit/phpunit/src/Framework/TestSuite.php(755): PHPUnit\Framework\TestSuite-&gt;run(Object(PHPUnit\Framework\TestResult))
#8 /var/www/html/magento23demo/vendor/phpunit/phpunit/src/TextUI/TestRunner.php(545): PHPUnit\Framework\TestSuite-&gt;run(Object(PHPUnit\Framework\TestResult))
#9 /var/www/html/magento23demo/vendor/phpunit/phpunit/src/TextUI/Command.php(195): PHPUnit\TextUI\TestRunner-&gt;doRun(Object(PHPUnit\Framework\TestSuite), Array, true)
#10 /var/www/html/magento23demo/vendor/phpunit/phpunit/src/TextUI/Command.php(148): PHPUnit\TextUI\Command-&gt;run(Array, true)
#11 /var/www/html/magento23demo/vendor/phpunit/phpunit/phpunit(53): PHPUnit\TextUI\Command::main()
#12 {main}</stack-trace>
      </failure>
    </test-case>
    <test-case start="1556668796602" stop="1556668796602" status="canceled">
      <name>testAddAttributeToFilter with data set #4</name>
      <failure>
        <message>MAGETWO-59234: Code under the test depends on a virtual type which cannot be mocked.</message>
        <stack-trace>#0 /var/www/html/magento23demo/vendor/magento/module-review/Test/Unit/Model/ResourceModel/Review/Product/CollectionTest.php(37): PHPUnit\Framework\Assert::markTestSkipped('MAGETWO-59234: ...')
#1 /var/www/html/magento23demo/vendor/phpunit/phpunit/src/Framework/TestCase.php(935): Magento\Review\Test\Unit\Model\ResourceModel\Review\Product\CollectionTest-&gt;setUp()
#2 /var/www/html/magento23demo/vendor/phpunit/phpunit/src/Framework/TestResult.php(698): PHPUnit\Framework\TestCase-&gt;runBare()
#3 /var/www/html/magento23demo/vendor/phpunit/phpunit/src/Framework/TestCase.php(894): PHPUnit\Framework\TestResult-&gt;run(Object(Magento\Review\Test\Unit\Model\ResourceModel\Review\Product\CollectionTest))
#4 /var/www/html/magento23demo/vendor/phpunit/phpunit/src/Framework/TestSuite.php(755): PHPUnit\Framework\TestCase-&gt;run(Object(PHPUnit\Framework\TestResult))
#5 /var/www/html/magento23demo/vendor/phpunit/phpunit/src/Framework/TestSuite.php(755): PHPUnit\Framework\TestSuite-&gt;run(Object(PHPUnit\Framework\TestResult))
#6 /var/www/html/magento23demo/vendor/phpunit/phpunit/src/Framework/TestSuite.php(755): PHPUnit\Framework\TestSuite-&gt;run(Object(PHPUnit\Framework\TestResult))
#7 /var/www/html/magento23demo/vendor/phpunit/phpunit/src/Framework/TestSuite.php(755): PHPUnit\Framework\TestSuite-&gt;run(Object(PHPUnit\Framework\TestResult))
#8 /var/www/html/magento23demo/vendor/phpunit/phpunit/src/TextUI/TestRunner.php(545): PHPUnit\Framework\TestSuite-&gt;run(Object(PHPUnit\Framework\TestResult))
#9 /var/www/html/magento23demo/vendor/phpunit/phpunit/src/TextUI/Command.php(195): PHPUnit\TextUI\TestRunner-&gt;doRun(Object(PHPUnit\Framework\TestSuite), Array, true)
#10 /var/www/html/magento23demo/vendor/phpunit/phpunit/src/TextUI/Command.php(148): PHPUnit\TextUI\Command-&gt;run(Array, true)
#11 /var/www/html/magento23demo/vendor/phpunit/phpunit/phpunit(53): PHPUnit\TextUI\Command::main()
#12 {main}</stack-trace>
      </failure>
    </test-case>
    <test-case start="1556668796603" stop="1556668796603" status="canceled">
      <name>testAddAttributeToFilter with data set #5</name>
      <failure>
        <message>MAGETWO-59234: Code under the test depends on a virtual type which cannot be mocked.</message>
        <stack-trace>#0 /var/www/html/magento23demo/vendor/magento/module-review/Test/Unit/Model/ResourceModel/Review/Product/CollectionTest.php(37): PHPUnit\Framework\Assert::markTestSkipped('MAGETWO-59234: ...')
#1 /var/www/html/magento23demo/vendor/phpunit/phpunit/src/Framework/TestCase.php(935): Magento\Review\Test\Unit\Model\ResourceModel\Review\Product\CollectionTest-&gt;setUp()
#2 /var/www/html/magento23demo/vendor/phpunit/phpunit/src/Framework/TestResult.php(698): PHPUnit\Framework\TestCase-&gt;runBare()
#3 /var/www/html/magento23demo/vendor/phpunit/phpunit/src/Framework/TestCase.php(894): PHPUnit\Framework\TestResult-&gt;run(Object(Magento\Review\Test\Unit\Model\ResourceModel\Review\Product\CollectionTest))
#4 /var/www/html/magento23demo/vendor/phpunit/phpunit/src/Framework/TestSuite.php(755): PHPUnit\Framework\TestCase-&gt;run(Object(PHPUnit\Framework\TestResult))
#5 /var/www/html/magento23demo/vendor/phpunit/phpunit/src/Framework/TestSuite.php(755): PHPUnit\Framework\TestSuite-&gt;run(Object(PHPUnit\Framework\TestResult))
#6 /var/www/html/magento23demo/vendor/phpunit/phpunit/src/Framework/TestSuite.php(755): PHPUnit\Framework\TestSuite-&gt;run(Object(PHPUnit\Framework\TestResult))
#7 /var/www/html/magento23demo/vendor/phpunit/phpunit/src/Framework/TestSuite.php(755): PHPUnit\Framework\TestSuite-&gt;run(Object(PHPUnit\Framework\TestResult))
#8 /var/www/html/magento23demo/vendor/phpunit/phpunit/src/TextUI/TestRunner.php(545): PHPUnit\Framework\TestSuite-&gt;run(Object(PHPUnit\Framework\TestResult))
#9 /var/www/html/magento23demo/vendor/phpunit/phpunit/src/TextUI/Command.php(195): PHPUnit\TextUI\TestRunner-&gt;doRun(Object(PHPUnit\Framework\TestSuite), Array, true)
#10 /var/www/html/magento23demo/vendor/phpunit/phpunit/src/TextUI/Command.php(148): PHPUnit\TextUI\Command-&gt;run(Array, true)
#11 /var/www/html/magento23demo/vendor/phpunit/phpunit/phpunit(53): PHPUnit\TextUI\Command::main()
#12 {main}</stack-trace>
      </failure>
    </test-case>
    <test-case start="1556668796603" stop="1556668796604" status="canceled">
      <name>testAddAttributeToFilterWithAttributeStore</name>
      <failure>
        <message>MAGETWO-59234: Code under the test depends on a virtual type which cannot be mocked.</message>
        <stack-trace>#0 /var/www/html/magento23demo/vendor/magento/module-review/Test/Unit/Model/ResourceModel/Review/Product/CollectionTest.php(37): PHPUnit\Framework\Assert::markTestSkipped('MAGETWO-59234: ...')
#1 /var/www/html/magento23demo/vendor/phpunit/phpunit/src/Framework/TestCase.php(935): Magento\Review\Test\Unit\Model\ResourceModel\Review\Product\CollectionTest-&gt;setUp()
#2 /var/www/html/magento23demo/vendor/phpunit/phpunit/src/Framework/TestResult.php(698): PHPUnit\Framework\TestCase-&gt;runBare()
#3 /var/www/html/magento23demo/vendor/phpunit/phpunit/src/Framework/TestCase.php(894): PHPUnit\Framework\TestResult-&gt;run(Object(Magento\Review\Test\Unit\Model\ResourceModel\Review\Product\CollectionTest))
#4 /var/www/html/magento23demo/vendor/phpunit/phpunit/src/Framework/TestSuite.php(755): PHPUnit\Framework\TestCase-&gt;run(Object(PHPUnit\Framework\TestResult))
#5 /var/www/html/magento23demo/vendor/phpunit/phpunit/src/Framework/TestSuite.php(755): PHPUnit\Framework\TestSuite-&gt;run(Object(PHPUnit\Framework\TestResult))
#6 /var/www/html/magento23demo/vendor/phpunit/phpunit/src/Framework/TestSuite.php(755): PHPUnit\Framework\TestSuite-&gt;run(Object(PHPUnit\Framework\TestResult))
#7 /var/www/html/magento23demo/vendor/phpunit/phpunit/src/TextUI/TestRunner.php(545): PHPUnit\Framework\TestSuite-&gt;run(Object(PHPUnit\Framework\TestResult))
#8 /var/www/html/magento23demo/vendor/phpunit/phpunit/src/TextUI/Command.php(195): PHPUnit\TextUI\TestRunner-&gt;doRun(Object(PHPUnit\Framework\TestSuite), Array, true)
#9 /var/www/html/magento23demo/vendor/phpunit/phpunit/src/TextUI/Command.php(148): PHPUnit\TextUI\Command-&gt;run(Array, true)
#10 /var/www/html/magento23demo/vendor/phpunit/phpunit/phpunit(53): PHPUnit\TextUI\Command::main()
#11 {main}</stack-trace>
      </failure>
    </test-case>
    <test-case start="1556668796605" stop="1556668796605" status="canceled">
      <name>testAddAttributeToFilterWithAttributeType with data set #0</name>
      <failure>
        <message>MAGETWO-59234: Code under the test depends on a virtual type which cannot be mocked.</message>
        <stack-trace>#0 /var/www/html/magento23demo/vendor/magento/module-review/Test/Unit/Model/ResourceModel/Review/Product/CollectionTest.php(37): PHPUnit\Framework\Assert::markTestSkipped('MAGETWO-59234: ...')
#1 /var/www/html/magento23demo/vendor/phpunit/phpunit/src/Framework/TestCase.php(935): Magento\Review\Test\Unit\Model\ResourceModel\Review\Product\CollectionTest-&gt;setUp()
#2 /var/www/html/magento23demo/vendor/phpunit/phpunit/src/Framework/TestResult.php(698): PHPUnit\Framework\TestCase-&gt;runBare()
#3 /var/www/html/magento23demo/vendor/phpunit/phpunit/src/Framework/TestCase.php(894): PHPUnit\Framework\TestResult-&gt;run(Object(Magento\Review\Test\Unit\Model\ResourceModel\Review\Product\CollectionTest))
#4 /var/www/html/magento23demo/vendor/phpunit/phpunit/src/Framework/TestSuite.php(755): PHPUnit\Framework\TestCase-&gt;run(Object(PHPUnit\Framework\TestResult))
#5 /var/www/html/magento23demo/vendor/phpunit/phpunit/src/Framework/TestSuite.php(755): PHPUnit\Framework\TestSuite-&gt;run(Object(PHPUnit\Framework\TestResult))
#6 /var/www/html/magento23demo/vendor/phpunit/phpunit/src/Framework/TestSuite.php(755): PHPUnit\Framework\TestSuite-&gt;run(Object(PHPUnit\Framework\TestResult))
#7 /var/www/html/magento23demo/vendor/phpunit/phpunit/src/Framework/TestSuite.php(755): PHPUnit\Framework\TestSuite-&gt;run(Object(PHPUnit\Framework\TestResult))
#8 /var/www/html/magento23demo/vendor/phpunit/phpunit/src/TextUI/TestRunner.php(545): PHPUnit\Framework\TestSuite-&gt;run(Object(PHPUnit\Framework\TestResult))
#9 /var/www/html/magento23demo/vendor/phpunit/phpunit/src/TextUI/Command.php(195): PHPUnit\TextUI\TestRunner-&gt;doRun(Object(PHPUnit\Framework\TestSuite), Array, true)
#10 /var/www/html/magento23demo/vendor/phpunit/phpunit/src/TextUI/Command.php(148): PHPUnit\TextUI\Command-&gt;run(Array, true)
#11 /var/www/html/magento23demo/vendor/phpunit/phpunit/phpunit(53): PHPUnit\TextUI\Command::main()
#12 {main}</stack-trace>
      </failure>
    </test-case>
    <test-case start="1556668796606" stop="1556668796606" status="canceled">
      <name>testAddAttributeToFilterWithAttributeType with data set #1</name>
      <failure>
        <message>MAGETWO-59234: Code under the test depends on a virtual type which cannot be mocked.</message>
        <stack-trace>#0 /var/www/html/magento23demo/vendor/magento/module-review/Test/Unit/Model/ResourceModel/Review/Product/CollectionTest.php(37): PHPUnit\Framework\Assert::markTestSkipped('MAGETWO-59234: ...')
#1 /var/www/html/magento23demo/vendor/phpunit/phpunit/src/Framework/TestCase.php(935): Magento\Review\Test\Unit\Model\ResourceModel\Review\Product\CollectionTest-&gt;setUp()
#2 /var/www/html/magento23demo/vendor/phpunit/phpunit/src/Framework/TestResult.php(698): PHPUnit\Framework\TestCase-&gt;runBare()
#3 /var/www/html/magento23demo/vendor/phpunit/phpunit/src/Framework/TestCase.php(894): PHPUnit\Framework\TestResult-&gt;run(Object(Magento\Review\Test\Unit\Model\ResourceModel\Review\Product\CollectionTest))
#4 /var/www/html/magento23demo/vendor/phpunit/phpunit/src/Framework/TestSuite.php(755): PHPUnit\Framework\TestCase-&gt;run(Object(PHPUnit\Framework\TestResult))
#5 /var/www/html/magento23demo/vendor/phpunit/phpunit/src/Framework/TestSuite.php(755): PHPUnit\Framework\TestSuite-&gt;run(Object(PHPUnit\Framework\TestResult))
#6 /var/www/html/magento23demo/vendor/phpunit/phpunit/src/Framework/TestSuite.php(755): PHPUnit\Framework\TestSuite-&gt;run(Object(PHPUnit\Framework\TestResult))
#7 /var/www/html/magento23demo/vendor/phpunit/phpunit/src/Framework/TestSuite.php(755): PHPUnit\Framework\TestSuite-&gt;run(Object(PHPUnit\Framework\TestResult))
#8 /var/www/html/magento23demo/vendor/phpunit/phpunit/src/TextUI/TestRunner.php(545): PHPUnit\Framework\TestSuite-&gt;run(Object(PHPUnit\Framework\TestResult))
#9 /var/www/html/magento23demo/vendor/phpunit/phpunit/src/TextUI/Command.php(195): PHPUnit\TextUI\TestRunner-&gt;doRun(Object(PHPUnit\Framework\TestSuite), Array, true)
#10 /var/www/html/magento23demo/vendor/phpunit/phpunit/src/TextUI/Command.php(148): PHPUnit\TextUI\Command-&gt;run(Array, true)
#11 /var/www/html/magento23demo/vendor/phpunit/phpunit/phpunit(53): PHPUnit\TextUI\Command::main()
#12 {main}</stack-trace>
      </failure>
    </test-case>
    <test-case start="1556668796608" stop="1556668796608" status="canceled">
      <name>testAddAttributeToFilterWithAttributeType with data set #2</name>
      <failure>
        <message>MAGETWO-59234: Code under the test depends on a virtual type which cannot be mocked.</message>
        <stack-trace>#0 /var/www/html/magento23demo/vendor/magento/module-review/Test/Unit/Model/ResourceModel/Review/Product/CollectionTest.php(37): PHPUnit\Framework\Assert::markTestSkipped('MAGETWO-59234: ...')
#1 /var/www/html/magento23demo/vendor/phpunit/phpunit/src/Framework/TestCase.php(935): Magento\Review\Test\Unit\Model\ResourceModel\Review\Product\CollectionTest-&gt;setUp()
#2 /var/www/html/magento23demo/vendor/phpunit/phpunit/src/Framework/TestResult.php(698): PHPUnit\Framework\TestCase-&gt;runBare()
#3 /var/www/html/magento23demo/vendor/phpunit/phpunit/src/Framework/TestCase.php(894): PHPUnit\Framework\TestResult-&gt;run(Object(Magento\Review\Test\Unit\Model\ResourceModel\Review\Product\CollectionTest))
#4 /var/www/html/magento23demo/vendor/phpunit/phpunit/src/Framework/TestSuite.php(755): PHPUnit\Framework\TestCase-&gt;run(Object(PHPUnit\Framework\TestResult))
#5 /var/www/html/magento23demo/vendor/phpunit/phpunit/src/Framework/TestSuite.php(755): PHPUnit\Framework\TestSuite-&gt;run(Object(PHPUnit\Framework\TestResult))
#6 /var/www/html/magento23demo/vendor/phpunit/phpunit/src/Framework/TestSuite.php(755): PHPUnit\Framework\TestSuite-&gt;run(Object(PHPUnit\Framework\TestResult))
#7 /var/www/html/magento23demo/vendor/phpunit/phpunit/src/Framework/TestSuite.php(755): PHPUnit\Framework\TestSuite-&gt;run(Object(PHPUnit\Framework\TestResult))
#8 /var/www/html/magento23demo/vendor/phpunit/phpunit/src/TextUI/TestRunner.php(545): PHPUnit\Framework\TestSuite-&gt;run(Object(PHPUnit\Framework\TestResult))
#9 /var/www/html/magento23demo/vendor/phpunit/phpunit/src/TextUI/Command.php(195): PHPUnit\TextUI\TestRunner-&gt;doRun(Object(PHPUnit\Framework\TestSuite), Array, true)
#10 /var/www/html/magento23demo/vendor/phpunit/phpunit/src/TextUI/Command.php(148): PHPUnit\TextUI\Command-&gt;run(Array, true)
#11 /var/www/html/magento23demo/vendor/phpunit/phpunit/phpunit(53): PHPUnit\TextUI\Command::main()
#12 {main}</stack-trace>
      </failure>
    </test-case>
  </test-cases>
</alr:test-suite>
